ncelab: 15.10-s002: (c) Copyright 1995-2015 Cadence Design Systems, Inc.
        .PEBPEC_FlgAct     (PEBPEC_FlgAct1),
                                         |
ncelab: *W,CUVMPW (../source/PEB/PEB.v,272|41): port sizes differ in port connection (1/32).
        .PEBPEC_FlgAct     (PEBPEC_FlgAct1),
                                         |
ncelab: *W,CUVMPW (../source/PEB/PEB.v,272|41): port sizes differ in port connection (1/32).
        .PEBPEC_FlgAct     (PEBPEC_FlgAct1),
                                         |
ncelab: *W,CUVMPW (../source/PEB/PEB.v,272|41): port sizes differ in port connection (1/32).
        .PEBPEC_FlgAct     (PEBPEC_FlgAct1),
                                         |
ncelab: *W,CUVMPW (../source/PEB/PEB.v,272|41): port sizes differ in port connection (1/32).
        .PEBPEC_FlgAct     (PEBPEC_FlgAct1),
                                         |
ncelab: *W,CUVMPW (../source/PEB/PEB.v,272|41): port sizes differ in port connection (1/32).
        .PEBPEC_FlgAct     (PEBPEC_FlgAct1),
                                         |
ncelab: *W,CUVMPW (../source/PEB/PEB.v,272|41): port sizes differ in port connection (1/32).
        .PEBPEC_FlgAct     (PEBPEC_FlgAct1),
                                         |
ncelab: *W,CUVMPW (../source/PEB/PEB.v,272|41): port sizes differ in port connection (1/32).
        .PEBPEC_FlgAct     (PEBPEC_FlgAct1),
                                         |
ncelab: *W,CUVMPW (../source/PEB/PEB.v,272|41): port sizes differ in port connection (1/32).
        .PEBPEC_FlgAct     (PEBPEC_FlgAct1),
                                         |
ncelab: *W,CUVMPW (../source/PEB/PEB.v,272|41): port sizes differ in port connection (1/32).
        .PEBPEC_FlgAct     (PEBPEC_FlgAct1),
                                         |
ncelab: *W,CUVMPW (../source/PEB/PEB.v,272|41): port sizes differ in port connection (1/32).
        .PEBPEC_FlgAct     (PEBPEC_FlgAct1),
                                         |
ncelab: *W,CUVMPW (../source/PEB/PEB.v,272|41): port sizes differ in port connection (1/32).
        .PEBPEC_FlgAct     (PEBPEC_FlgAct1),
                                         |
ncelab: *W,CUVMPW (../source/PEB/PEB.v,272|41): port sizes differ in port connection (1/32).
        .PEBPEC_FlgAct     (PEBPEC_FlgAct1),
                                         |
ncelab: *W,CUVMPW (../source/PEB/PEB.v,272|41): port sizes differ in port connection (1/32).
        .PEBPEC_FlgAct     (PEBPEC_FlgAct1),
                                         |
ncelab: *W,CUVMPW (../source/PEB/PEB.v,272|41): port sizes differ in port connection (1/32).
        .PEBPEC_FlgAct     (PEBPEC_FlgAct1),
                                         |
ncelab: *W,CUVMPW (../source/PEB/PEB.v,272|41): port sizes differ in port connection (1/32).
        .PEBPEC_FlgAct     (PEBPEC_FlgAct1),
                                         |
ncelab: *W,CUVMPW (../source/PEB/PEB.v,272|41): port sizes differ in port connection (1/32).
        .PEBPEC_FlgAct     (PEBPEC_FlgAct1),
                                         |
ncelab: *W,CSINFI (../source/PEB/PEB.v,272|41): implicit wire has no fanin (TS3D_tb.u_TS3D.inst_PEL.GENPEB[15].inst_PEB.PEBPEC_FlgAct1).
        .PEBPEC_FlgAct     (PEBPEC_FlgAct1),
                                         |
ncelab: *W,CSINFI (../source/PEB/PEB.v,272|41): implicit wire has no fanin (TS3D_tb.u_TS3D.inst_PEL.GENPEB[14].inst_PEB.PEBPEC_FlgAct1).
        .PEBPEC_FlgAct     (PEBPEC_FlgAct1),
                                         |
ncelab: *W,CSINFI (../source/PEB/PEB.v,272|41): implicit wire has no fanin (TS3D_tb.u_TS3D.inst_PEL.GENPEB[13].inst_PEB.PEBPEC_FlgAct1).
        .PEBPEC_FlgAct     (PEBPEC_FlgAct1),
                                         |
ncelab: *W,CSINFI (../source/PEB/PEB.v,272|41): implicit wire has no fanin (TS3D_tb.u_TS3D.inst_PEL.GENPEB[12].inst_PEB.PEBPEC_FlgAct1).
        .PEBPEC_FlgAct     (PEBPEC_FlgAct1),
                                         |
ncelab: *W,CSINFI (../source/PEB/PEB.v,272|41): implicit wire has no fanin (TS3D_tb.u_TS3D.inst_PEL.GENPEB[11].inst_PEB.PEBPEC_FlgAct1).
        .PEBPEC_FlgAct     (PEBPEC_FlgAct1),
                                         |
ncelab: *W,CSINFI (../source/PEB/PEB.v,272|41): implicit wire has no fanin (TS3D_tb.u_TS3D.inst_PEL.GENPEB[10].inst_PEB.PEBPEC_FlgAct1).
        .PEBPEC_FlgAct     (PEBPEC_FlgAct1),
                                         |
ncelab: *W,CSINFI (../source/PEB/PEB.v,272|41): implicit wire has no fanin (TS3D_tb.u_TS3D.inst_PEL.GENPEB[9].inst_PEB.PEBPEC_FlgAct1).
        .PEBPEC_FlgAct     (PEBPEC_FlgAct1),
                                         |
ncelab: *W,CSINFI (../source/PEB/PEB.v,272|41): implicit wire has no fanin (TS3D_tb.u_TS3D.inst_PEL.GENPEB[8].inst_PEB.PEBPEC_FlgAct1).
        .PEBPEC_FlgAct     (PEBPEC_FlgAct1),
                                         |
ncelab: *W,CSINFI (../source/PEB/PEB.v,272|41): implicit wire has no fanin (TS3D_tb.u_TS3D.inst_PEL.GENPEB[7].inst_PEB.PEBPEC_FlgAct1).
        .PEBPEC_FlgAct     (PEBPEC_FlgAct1),
                                         |
ncelab: *W,CSINFI (../source/PEB/PEB.v,272|41): implicit wire has no fanin (TS3D_tb.u_TS3D.inst_PEL.GENPEB[6].inst_PEB.PEBPEC_FlgAct1).
        .PEBPEC_FlgAct     (PEBPEC_FlgAct1),
                                         |
ncelab: *W,CSINFI (../source/PEB/PEB.v,272|41): implicit wire has no fanin (TS3D_tb.u_TS3D.inst_PEL.GENPEB[5].inst_PEB.PEBPEC_FlgAct1).
        .PEBPEC_FlgAct     (PEBPEC_FlgAct1),
                                         |
ncelab: *W,CSINFI (../source/PEB/PEB.v,272|41): implicit wire has no fanin (TS3D_tb.u_TS3D.inst_PEL.GENPEB[4].inst_PEB.PEBPEC_FlgAct1).
        .PEBPEC_FlgAct     (PEBPEC_FlgAct1),
                                         |
ncelab: *W,CSINFI (../source/PEB/PEB.v,272|41): implicit wire has no fanin (TS3D_tb.u_TS3D.inst_PEL.GENPEB[3].inst_PEB.PEBPEC_FlgAct1).
        .PEBPEC_FlgAct     (PEBPEC_FlgAct1),
                                         |
ncelab: *W,CSINFI (../source/PEB/PEB.v,272|41): implicit wire has no fanin (TS3D_tb.u_TS3D.inst_PEL.GENPEB[2].inst_PEB.PEBPEC_FlgAct1).
        .PEBPEC_FlgAct     (PEBPEC_FlgAct1),
                                         |
ncelab: *W,CSINFI (../source/PEB/PEB.v,272|41): implicit wire has no fanin (TS3D_tb.u_TS3D.inst_PEL.GENPEB[1].inst_PEB.PEBPEC_FlgAct1).
        .PEBPEC_FlgAct     (PEBPEC_FlgAct1),
                                         |
ncelab: *W,CSINFI (../source/PEB/PEB.v,272|41): implicit wire has no fanin (TS3D_tb.u_TS3D.inst_PEL.GENPEB[0].inst_PEB.PEBPEC_FlgAct1).
